# JRE version: OpenJDK Runtime Environment (11.0.12+7) (build 11.0.12+7-b1504.28-7817840)
# Java VM: OpenJDK 64-Bit Server VM (11.0.12+7-b1504.28-7817840, mixed mode, tiered, compressed oops, g1 gc, windows-amd64)
Heap:
 garbage-first heap   total 129024K, used 21522K [0x0000000082e00000, 0x0000000100000000)
  region size 1024K, 15 young (15360K), 3 survivors (3072K)
 Metaspace       used 16325K, capacity 16598K, committed 16896K, reserved 1064960K
  class space    used 1819K, capacity 1941K, committed 2048K, reserved 1048576K
GC Heap History (6 events):
Event: 1.505 GC heap before
{Heap before GC invocations=0 (full 0):
 garbage-first heap   total 129024K, used 19456K [0x0000000082e00000, 0x0000000100000000)
  region size 1024K, 14 young (14336K), 0 survivors (0K)
 Metaspace       used 8053K, capacity 8273K, committed 8576K, reserved 1056768K
  class space    used 729K, capacity 818K, committed 896K, reserved 1048576K
}
Event: 1.523 GC heap after
{Heap after GC invocations=1 (full 0):
 garbage-first heap   total 129024K, used 7825K [0x0000000082e00000, 0x0000000100000000)
  region size 1024K, 2 young (2048K), 2 survivors (2048K)
 Metaspace       used 8053K, capacity 8273K, committed 8576K, reserved 1056768K
  class space    used 729K, capacity 818K, committed 896K, reserved 1048576K
}
Event: 2.071 GC heap before
{Heap before GC invocations=1 (full 0):
 garbage-first heap   total 129024K, used 19089K [0x0000000082e00000, 0x0000000100000000)
  region size 1024K, 13 young (13312K), 2 survivors (2048K)
 Metaspace       used 11241K, capacity 11496K, committed 11648K, reserved 1058816K
  class space    used 1226K, capacity 1301K, committed 1408K, reserved 1048576K
}
Event: 2.076 GC heap after
{Heap after GC invocations=2 (full 0):
 garbage-first heap   total 129024K, used 8764K [0x0000000082e00000, 0x0000000100000000)
  region size 1024K, 1 young (1024K), 1 survivors (1024K)
 Metaspace       used 11241K, capacity 11496K, committed 11648K, reserved 1058816K
  class space    used 1226K, capacity 1301K, committed 1408K, reserved 1048576K
}
Event: 31.434 GC heap before
{Heap before GC invocations=2 (full 0):
 garbage-first heap   total 129024K, used 37436K [0x0000000082e00000, 0x0000000100000000)
  region size 1024K, 29 young (29696K), 1 survivors (1024K)
 Metaspace       used 16289K, capacity 16598K, committed 16896K, reserved 1064960K
  class space    used 1819K, capacity 1941K, committed 2048K, reserved 1048576K
}
Event: 31.439 GC heap after
{Heap after GC invocations=3 (full 0):
 garbage-first heap   total 129024K, used 10258K [0x0000000082e00000, 0x0000000100000000)
  region size 1024K, 3 young (3072K), 3 survivors (3072K)
 Metaspace       used 16289K, capacity 16598K, committed 16896K, reserved 1064960K
  class space    used 1819K, capacity 1941K, committed 2048K, reserved 1048576K
}

